0 info it worked if it ends with ok
1 verbose cli [ '/Users/brandondail/.nvm/versions/node/v7.4.0/bin/node',
1 verbose cli   '/Users/brandondail/.nvm/versions/node/v7.4.0/bin/npm',
1 verbose cli   'publish',
1 verbose cli   '--access=public' ]
2 info using npm@4.0.5
3 info using node@v7.4.0
4 verbose publish [ '.' ]
5 silly cache add args [ '.', null ]
6 verbose cache add spec .
7 silly cache add parsed spec Result {
7 silly cache add   raw: '.',
7 silly cache add   scope: null,
7 silly cache add   escapedName: null,
7 silly cache add   name: null,
7 silly cache add   rawSpec: '.',
7 silly cache add   spec: '/Users/brandondail/projects/alder',
7 silly cache add   type: 'directory' }
8 verbose addLocalDirectory /Users/brandondail/.npm/@aweary/alder/1.0.1/package.tgz not in flight; packing
9 verbose correctMkdir /Users/brandondail/.npm correctMkdir not in flight; initializing
10 info lifecycle @aweary/alder@1.0.1~prepublish: @aweary/alder@1.0.1
11 silly lifecycle @aweary/alder@1.0.1~prepublish: no script for prepublish, continuing
12 info lifecycle @aweary/alder@1.0.1~prepare: @aweary/alder@1.0.1
13 silly lifecycle @aweary/alder@1.0.1~prepare: no script for prepare, continuing
14 verbose tar pack [ '/Users/brandondail/.npm/@aweary/alder/1.0.1/package.tgz',
14 verbose tar pack   '/Users/brandondail/projects/alder' ]
15 verbose tarball /Users/brandondail/.npm/@aweary/alder/1.0.1/package.tgz
16 verbose folder /Users/brandondail/projects/alder
17 verbose addLocalTarball adding from inside cache /Users/brandondail/.npm/@aweary/alder/1.0.1/package.tgz
18 verbose correctMkdir /Users/brandondail/.npm correctMkdir not in flight; initializing
19 silly cache afterAdd @aweary/alder@1.0.1
20 verbose afterAdd /Users/brandondail/.npm/@aweary/alder/1.0.1/package/package.json not in flight; writing
21 verbose correctMkdir /Users/brandondail/.npm correctMkdir not in flight; initializing
22 verbose afterAdd /Users/brandondail/.npm/@aweary/alder/1.0.1/package/package.json written
23 silly publish { name: '@aweary/alder',
23 silly publish   version: '1.0.1',
23 silly publish   main: 'tree.js',
23 silly publish   repository: { type: 'git', url: 'git+https://github.com/aweary/tree.git' },
23 silly publish   license: 'MIT',
23 silly publish   author:
23 silly publish    { name: 'Brandon Dail',
23 silly publish      email: 'cottoncrypt@gmail.com',
23 silly publish      url: 'https://www.twitter.com/aweary' },
23 silly publish   engines: { node: '>=4' },
23 silly publish   bin: { alder: 'alder.js' },
23 silly publish   dependencies:
23 silly publish    { chalk: '^1.1.3',
23 silly publish      commander: '^2.9.0',
23 silly publish      'pretty-bytes': '^4.0.2' },
23 silly publish   readme: '# alder 🌳\n A recursive directory listing program that supports file-size reporting, and pattern matching. Inspired by the [`tree`](http://www.computerhope.com/unix/tree.htm)\nUNIX command.\n\n![Alder: the better tree printer](http://i.imgur.com/8qhaxvG.png)\n\n## Installation\n`alder` should be installed globally using `yarn` or `npm`.\n```\nyarn global add @aweary/alder\n```\n\n## Usage\n\n```\n  Usage: alder [options] [target]\n\n  Options:\n\n    -h, --help         output usage information\n    -V, --version      output the version number\n    -s, --sizes        Show file sizes in tree\n    -e, --exclude <s>  Exclude files matching a pattern\n    -i, --include <s>  Include only files that match a pattern\n    -d, --depth <n>    Only render the tree to a specific depth\n```',
23 silly publish   readmeFilename: 'README.md',
23 silly publish   gitHead: '0754011b3c95b566a7e248b0bb4a1deb954c4fc6',
23 silly publish   description: 'A recursive directory listing program that supports file-size reporting, and pattern matching. Inspired by the [`tree`](http://www.computerhope.com/unix/tree.htm) UNIX command.',
23 silly publish   bugs: { url: 'https://github.com/aweary/tree/issues' },
23 silly publish   homepage: 'https://github.com/aweary/tree#readme',
23 silly publish   _id: '@aweary/alder@1.0.1',
23 silly publish   scripts: {},
23 silly publish   _shasum: 'f50f32081df8b3bd6991cd38be5fa66dd1f9d461',
23 silly publish   _from: '.' }
24 info lifecycle @aweary/alder@1.0.1~prepublishOnly: @aweary/alder@1.0.1
25 silly lifecycle @aweary/alder@1.0.1~prepublishOnly: no script for prepublishOnly, continuing
26 verbose getPublishConfig undefined
27 silly mapToRegistry name @aweary/alder
28 silly mapToRegistry scope (from package name) @aweary
29 verbose mapToRegistry no registry URL found in name for scope @aweary
30 silly mapToRegistry using default registry
31 silly mapToRegistry registry https://registry.npmjs.org/
32 silly mapToRegistry data Result {
32 silly mapToRegistry   raw: '@aweary/alder',
32 silly mapToRegistry   scope: '@aweary',
32 silly mapToRegistry   escapedName: '@aweary%2falder',
32 silly mapToRegistry   name: '@aweary/alder',
32 silly mapToRegistry   rawSpec: '',
32 silly mapToRegistry   spec: 'latest',
32 silly mapToRegistry   type: 'tag' }
33 silly mapToRegistry uri https://registry.npmjs.org/@aweary%2falder
34 verbose publish registryBase https://registry.npmjs.org/
35 silly publish uploading /Users/brandondail/.npm/@aweary/alder/1.0.1/package.tgz
36 verbose request uri https://registry.npmjs.org/@aweary%2falder
37 verbose request sending authorization for write operation
38 info attempt registry request try #1 at 9:07:10 PM
39 verbose request using bearer token for auth
40 verbose request id 12b892a3401dac90
41 http request PUT https://registry.npmjs.org/@aweary%2falder
42 http 403 https://registry.npmjs.org/@aweary%2falder
43 verbose headers { 'content-type': 'application/json',
43 verbose headers   'cache-control': 'max-age=0',
43 verbose headers   'content-length': '95',
43 verbose headers   'accept-ranges': 'bytes',
43 verbose headers   date: 'Tue, 24 Jan 2017 03:07:12 GMT',
43 verbose headers   via: '1.1 varnish',
43 verbose headers   connection: 'keep-alive',
43 verbose headers   'x-served-by': 'cache-dfw1833-DFW',
43 verbose headers   'x-cache': 'MISS',
43 verbose headers   'x-cache-hits': '0',
43 verbose headers   'x-timer': 'S1485227231.360300,VS0,VE1195' }
44 verbose request invalidating /Users/brandondail/.npm/registry.npmjs.org/_40aweary_252falder on PUT
45 error publish Failed PUT 403
46 verbose stack Error: "You cannot publish over the previously published version 1.0.1." : @aweary/alder
46 verbose stack     at makeError (/Users/brandondail/.nvm/versions/node/v7.4.0/lib/node_modules/npm/node_modules/npm-registry-client/lib/request.js:302:12)
46 verbose stack     at CachingRegistryClient.<anonymous> (/Users/brandondail/.nvm/versions/node/v7.4.0/lib/node_modules/npm/node_modules/npm-registry-client/lib/request.js:290:14)
46 verbose stack     at Request._callback (/Users/brandondail/.nvm/versions/node/v7.4.0/lib/node_modules/npm/node_modules/npm-registry-client/lib/request.js:210:14)
46 verbose stack     at Request.self.callback (/Users/brandondail/.nvm/versions/node/v7.4.0/lib/node_modules/npm/node_modules/request/request.js:186:22)
46 verbose stack     at emitTwo (events.js:106:13)
46 verbose stack     at Request.emit (events.js:191:7)
46 verbose stack     at Request.<anonymous> (/Users/brandondail/.nvm/versions/node/v7.4.0/lib/node_modules/npm/node_modules/request/request.js:1081:10)
46 verbose stack     at emitOne (events.js:96:13)
46 verbose stack     at Request.emit (events.js:188:7)
46 verbose stack     at IncomingMessage.<anonymous> (/Users/brandondail/.nvm/versions/node/v7.4.0/lib/node_modules/npm/node_modules/request/request.js:1001:12)
47 verbose statusCode 403
48 verbose pkgid @aweary/alder
49 verbose cwd /Users/brandondail/projects/alder
50 error Darwin 16.3.0
51 error argv "/Users/brandondail/.nvm/versions/node/v7.4.0/bin/node" "/Users/brandondail/.nvm/versions/node/v7.4.0/bin/npm" "publish" "--access=public"
52 error node v7.4.0
53 error npm  v4.0.5
54 error code E403
55 error "You cannot publish over the previously published version 1.0.1." : @aweary/alder
56 error If you need help, you may report this error at:
56 error     <https://github.com/npm/npm/issues>
57 verbose exit [ 1, true ]
